Defaulting to user installation because normal site-packages is not writeable
Requirement already satisfied: streamlit>=1.28.0 in C:\Users\simra\AppData\Local\Packages\PythonSoftwareFoundation.Python.3.13_qbz5n2kfra8p0\LocalCache\local-packages\Python313\site-packages (from -r requirements.txt (line 1)) (1.58.0)
Requirement already satisfied: pandas>=2.0.0 in C:\Users\simra\AppData\Local\Packages\PythonSoftwareFoundation.Python.3.13_qbz5n2kfra8p0\LocalCache\local-packages\Python313\site-packages (from -r requirements.txt (line 2)) (3.0.3)
Requirement already satisfied: plotly>=5.17.0 in C:\Users\simra\AppData\Local\Packages\PythonSoftwareFoundation.Python.3.13_qbz5n2kfra8p0\LocalCache\local-packages\Python313\site-packages (from -r requirements.txt (line 3)) (6.8.0)
Requirement already satisfied: numpy>=1.24.0 in C:\Users\simra\AppData\Local\Packages\PythonSoftwareFoundation.Python.3.13_qbz5n2kfra8p0\LocalCache\local-packages\Python313\site-packages (from -r requirements.txt (line 4)) (2.4.6)
Requirement already satisfied: requests>=2.31.0 in C:\Users\simra\AppData\Local\Packages\PythonSoftwareFoundation.Python.3.13_qbz5n2kfra8p0\LocalCache\local-packages\Python313\site-packages (from -r requirements.txt (line 5)) (2.34.2)
Requirement already satisfied: python-dateutil>=2.8.0 in C:\Users\simra\AppData\Local\Packages\PythonSoftwareFoundation.Python.3.13_qbz5n2kfra8p0\LocalCache\local-packages\Python313\site-packages (from -r requirements.txt (line 6)) (2.9.0.post0)
Requirement already satisfied: altair!=5.4.0,!=5.4.1,<7,>=4.0 in C:\Users\simra\AppData\Local\Packages\PythonSoftwareFoundation.Python.3.13_qbz5n2kfra8p0\LocalCache\local-packages\Python313\site-packages (from streamlit>=1.28.0->-r requirements.txt (line 1)) (6.2.1)
Requirement already satisfied: blinker<2,>=1.5.0 in C:\Users\simra\AppData\Local\Packages\PythonSoftwareFoundation.Python.3.13_qbz5n2kfra8p0\LocalCache\local-packages\Python313\site-packages (from streamlit>=1.28.0->-r requirements.txt (line 1)) (1.9.0)
Requirement already satisfied: cachetools<8,>=5.5 in C:\Users\simra\AppData\Local\Packages\PythonSoftwareFoundation.Python.3.13_qbz5n2kfra8p0\LocalCache\local-packages\Python313\site-packages (from streamlit>=1.28.0->-r requirements.txt (line 1)) (7.1.4)
Requirement already satisfied: click<9,>=7.0 in C:\Users\simra\AppData\Local\Packages\PythonSoftwareFoundation.Python.3.13_qbz5n2kfra8p0\LocalCache\local-packages\Python313\site-packages (from streamlit>=1.28.0->-r requirements.txt (line 1)) (8.4.1)
Requirement already satisfied: gitpython!=3.1.19,<4,>=3.0.7 in C:\Users\simra\AppData\Local\Packages\PythonSoftwareFoundation.Python.3.13_qbz5n2kfra8p0\LocalCache\local-packages\Python313\site-packages (from streamlit>=1.28.0->-r requirements.txt (line 1)) (3.1.50)
Requirement already satisfied: packaging>=20 in C:\Users\simra\AppData\Local\Packages\PythonSoftwareFoundation.Python.3.13_qbz5n2kfra8p0\LocalCache\local-packages\Python313\site-packages (from streamlit>=1.28.0->-r requirements.txt (line 1)) (26.2)
Requirement already satisfied: pillow<13,>=7.1.0 in C:\Users\simra\AppData\Local\Packages\PythonSoftwareFoundation.Python.3.13_qbz5n2kfra8p0\LocalCache\local-packages\Python313\site-packages (from streamlit>=1.28.0->-r requirements.txt (line 1)) (12.2.0)
Requirement already satisfied: pydeck<1,>=0.8.0b4 in C:\Users\simra\AppData\Local\Packages\PythonSoftwareFoundation.Python.3.13_qbz5n2kfra8p0\LocalCache\local-packages\Python313\site-packages (from streamlit>=1.28.0->-r requirements.txt (line 1)) (0.9.2)
Requirement already satisfied: protobuf<8,>=3.20 in C:\Users\simra\AppData\Local\Packages\PythonSoftwareFoundation.Python.3.13_qbz5n2kfra8p0\LocalCache\local-packages\Python313\site-packages (from streamlit>=1.28.0->-r requirements.txt (line 1)) (7.35.1)
Requirement already satisfied: pyarrow>=7.0 in C:\Users\simra\AppData\Local\Packages\PythonSoftwareFoundation.Python.3.13_qbz5n2kfra8p0\LocalCache\local-packages\Python313\site-packages (from streamlit>=1.28.0->-r requirements.txt (line 1)) (24.0.0)
Requirement already satisfied: tenacity<10,>=8.1.0 in C:\Users\simra\AppData\Local\Packages\PythonSoftwareFoundation.Python.3.13_qbz5n2kfra8p0\LocalCache\local-packages\Python313\site-packages (from streamlit>=1.28.0->-r requirements.txt (line 1)) (9.1.4)
Requirement already satisfied: toml<2,>=0.10.1 in C:\Users\simra\AppData\Local\Packages\PythonSoftwareFoundation.Python.3.13_qbz5n2kfra8p0\LocalCache\local-packages\Python313\site-packages (from streamlit>=1.28.0->-r requirements.txt (line 1)) (0.10.2)
Requirement already satisfied: typing-extensions<5,>=4.10.0 in C:\Users\simra\AppData\Local\Packages\PythonSoftwareFoundation.Python.3.13_qbz5n2kfra8p0\LocalCache\local-packages\Python313\site-packages (from streamlit>=1.28.0->-r requirements.txt (line 1)) (4.15.0)
Requirement already satisfied: starlette>=0.40.0 in C:\Users\simra\AppData\Local\Packages\PythonSoftwareFoundation.Python.3.13_qbz5n2kfra8p0\LocalCache\local-packages\Python313\site-packages (from streamlit>=1.28.0->-r requirements.txt (line 1)) (1.3.1)
Requirement already satisfied: uvicorn>=0.30.0 in C:\Users\simra\AppData\Local\Packages\PythonSoftwareFoundation.Python.3.13_qbz5n2kfra8p0\LocalCache\local-packages\Python313\site-packages (from streamlit>=1.28.0->-r requirements.txt (line 1)) (0.49.0)
Requirement already satisfied: httptools>=0.6.3 in C:\Users\simra\AppData\Local\Packages\PythonSoftwareFoundation.Python.3.13_qbz5n2kfra8p0\LocalCache\local-packages\Python313\site-packages (from streamlit>=1.28.0->-r requirements.txt (line 1)) (0.8.0)
Requirement already satisfied: anyio>=4.0.0 in C:\Users\simra\AppData\Local\Packages\PythonSoftwareFoundation.Python.3.13_qbz5n2kfra8p0\LocalCache\local-packages\Python313\site-packages (from streamlit>=1.28.0->-r requirements.txt (line 1)) (4.13.0)
Requirement already satisfied: python-multipart>=0.0.10 in C:\Users\simra\AppData\Local\Packages\PythonSoftwareFoundation.Python.3.13_qbz5n2kfra8p0\LocalCache\local-packages\Python313\site-packages (from streamlit>=1.28.0->-r requirements.txt (line 1)) (0.0.32)
Requirement already satisfied: websockets>=12.0.0 in C:\Users\simra\AppData\Local\Packages\PythonSoftwareFoundation.Python.3.13_qbz5n2kfra8p0\LocalCache\local-packages\Python313\site-packages (from streamlit>=1.28.0->-r requirements.txt (line 1)) (16.0)
Requirement already satisfied: itsdangerous>=2.1.2 in C:\Users\simra\AppData\Local\Packages\PythonSoftwareFoundation.Python.3.13_qbz5n2kfra8p0\LocalCache\local-packages\Python313\site-packages (from streamlit>=1.28.0->-r requirements.txt (line 1)) (2.2.0)
Requirement already satisfied: watchdog<7,>=2.1.5 in C:\Users\simra\AppData\Local\Packages\PythonSoftwareFoundation.Python.3.13_qbz5n2kfra8p0\LocalCache\local-packages\Python313\site-packages (from streamlit>=1.28.0->-r requirements.txt (line 1)) (6.0.0)
Requirement already satisfied: tzdata in C:\Users\simra\AppData\Local\Packages\PythonSoftwareFoundation.Python.3.13_qbz5n2kfra8p0\LocalCache\local-packages\Python313\site-packages (from pandas>=2.0.0->-r requirements.txt (line 2)) (2026.2)
Requirement already satisfied: charset_normalizer<4,>=2 in C:\Users\simra\AppData\Local\Packages\PythonSoftwareFoundation.Python.3.13_qbz5n2kfra8p0\LocalCache\local-packages\Python313\site-packages (from requests>=2.31.0->-r requirements.txt (line 5)) (3.4.7)
Requirement already satisfied: idna<4,>=2.5 in C:\Users\simra\AppData\Local\Packages\PythonSoftwareFoundation.Python.3.13_qbz5n2kfra8p0\LocalCache\local-packages\Python313\site-packages (from requests>=2.31.0->-r requirements.txt (line 5)) (3.18)
Requirement already satisfied: urllib3<3,>=1.26 in C:\Users\simra\AppData\Local\Packages\PythonSoftwareFoundation.Python.3.13_qbz5n2kfra8p0\LocalCache\local-packages\Python313\site-packages (from requests>=2.31.0->-r requirements.txt (line 5)) (2.7.0)
Requirement already satisfied: certifi>=2023.5.7 in C:\Users\simra\AppData\Local\Packages\PythonSoftwareFoundation.Python.3.13_qbz5n2kfra8p0\LocalCache\local-packages\Python313\site-packages (from requests>=2.31.0->-r requirements.txt (line 5)) (2026.5.20)
Requirement already satisfied: jinja2 in C:\Users\simra\AppData\Local\Packages\PythonSoftwareFoundation.Python.3.13_qbz5n2kfra8p0\LocalCache\local-packages\Python313\site-packages (from altair!=5.4.0,!=5.4.1,<7,>=4.0->streamlit>=1.28.0->-r requirements.txt (line 1)) (3.1.6)
Requirement already satisfied: jsonschema>=3.0 in C:\Users\simra\AppData\Local\Packages\PythonSoftwareFoundation.Python.3.13_qbz5n2kfra8p0\LocalCache\local-packages\Python313\site-packages (from altair!=5.4.0,!=5.4.1,<7,>=4.0->streamlit>=1.28.0->-r requirements.txt (line 1)) (4.26.0)
Requirement already satisfied: narwhals>=2.4.0 in C:\Users\simra\AppData\Local\Packages\PythonSoftwareFoundation.Python.3.13_qbz5n2kfra8p0\LocalCache\local-packages\Python313\site-packages (from altair!=5.4.0,!=5.4.1,<7,>=4.0->streamlit>=1.28.0->-r requirements.txt (line 1)) (2.22.1)
Requirement already satisfied: colorama in C:\Users\simra\AppData\Local\Packages\PythonSoftwareFoundation.Python.3.13_qbz5n2kfra8p0\LocalCache\local-packages\Python313\site-packages (from click<9,>=7.0->streamlit>=1.28.0->-r requirements.txt (line 1)) (0.4.6)
Requirement already satisfied: gitdb<5,>=4.0.1 in C:\Users\simra\AppData\Local\Packages\PythonSoftwareFoundation.Python.3.13_qbz5n2kfra8p0\LocalCache\local-packages\Python313\site-packages (from gitpython!=3.1.19,<4,>=3.0.7->streamlit>=1.28.0->-r requirements.txt (line 1)) (4.0.12)
Requirement already satisfied: smmap<6,>=3.0.1 in C:\Users\simra\AppData\Local\Packages\PythonSoftwareFoundation.Python.3.13_qbz5n2kfra8p0\LocalCache\local-packages\Python313\site-packages (from gitdb<5,>=4.0.1->gitpython!=3.1.19,<4,>=3.0.7->streamlit>=1.28.0->-r requirements.txt (line 1)) (5.0.3)
Requirement already satisfied: six>=1.5 in C:\Users\simra\AppData\Local\Packages\PythonSoftwareFoundation.Python.3.13_qbz5n2kfra8p0\LocalCache\local-packages\Python313\site-packages (from python-dateutil>=2.8.0->-r requirements.txt (line 6)) (1.17.0)
Requirement already satisfied: MarkupSafe>=2.0 in C:\Users\simra\AppData\Local\Packages\PythonSoftwareFoundation.Python.3.13_qbz5n2kfra8p0\LocalCache\local-packages\Python313\site-packages (from jinja2->altair!=5.4.0,!=5.4.1,<7,>=4.0->streamlit>=1.28.0->-r requirements.txt (line 1)) (3.0.3)
Requirement already satisfied: attrs>=22.2.0 in C:\Users\simra\AppData\Local\Packages\PythonSoftwareFoundation.Python.3.13_qbz5n2kfra8p0\LocalCache\local-packages\Python313\site-packages (from jsonschema>=3.0->altair!=5.4.0,!=5.4.1,<7,>=4.0->streamlit>=1.28.0->-r requirements.txt (line 1)) (26.1.0)
Requirement already satisfied: jsonschema-specifications>=2023.03.6 in C:\Users\simra\AppData\Local\Packages\PythonSoftwareFoundation.Python.3.13_qbz5n2kfra8p0\LocalCache\local-packages\Python313\site-packages (from jsonschema>=3.0->altair!=5.4.0,!=5.4.1,<7,>=4.0->streamlit>=1.28.0->-r requirements.txt (line 1)) (2025.9.1)
Requirement already satisfied: referencing>=0.28.4 in C:\Users\simra\AppData\Local\Packages\PythonSoftwareFoundation.Python.3.13_qbz5n2kfra8p0\LocalCache\local-packages\Python313\site-packages (from jsonschema>=3.0->altair!=5.4.0,!=5.4.1,<7,>=4.0->streamlit>=1.28.0->-r requirements.txt (line 1)) (0.37.0)
Requirement already satisfied: rpds-py>=0.25.0 in C:\Users\simra\AppData\Local\Packages\PythonSoftwareFoundation.Python.3.13_qbz5n2kfra8p0\LocalCache\local-packages\Python313\site-packages (from jsonschema>=3.0->altair!=5.4.0,!=5.4.1,<7,>=4.0->streamlit>=1.28.0->-r requirements.txt (line 1)) (2026.5.1)
Requirement already satisfied: h11>=0.8 in C:\Users\simra\AppData\Local\Packages\PythonSoftwareFoundation.Python.3.13_qbz5n2kfra8p0\LocalCache\local-packages\Python313\site-packages (from uvicorn>=0.30.0->streamlit>=1.28.0->-r requirements.txt (line 1)) (0.16.0)
